Simulator report for vend2
Wed Nov 04 17:42:22 2015
Quartus II Version 7.1 Build 156 04/30/2007 SJ Web Edition


---------------------
; Table of Contents ;
---------------------
  1. Legal Notice
  2. Simulator Summary
  3. Simulator Settings
  4. Simulation Waveforms
  5. Coverage Summary
  6. Complete 1/0-Value Coverage
  7. Missing 1-Value Coverage
  8. Missing 0-Value Coverage
  9. Simulator INI Usage
 10. Simulator Messages



----------------
; Legal Notice ;
----------------
Copyright (C) 1991-2007 Altera Corporation
Your use of Altera Corporation's design tools, logic functions 
and other software and tools, and its AMPP partner logic 
functions, and any output files from any of the foregoing 
(including device programming or simulation files), and any 
associated documentation or information are expressly subject 
to the terms and conditions of the Altera Program License 
Subscription Agreement, Altera MegaCore Function License 
Agreement, or other applicable license agreement, including, 
without limitation, that your use is for the sole purpose of 
programming logic devices manufactured by Altera and sold by 
Altera or its authorized distributors.  Please refer to the 
applicable agreement for further details.



+--------------------------------------------+
; Simulator Summary                          ;
+-----------------------------+--------------+
; Type                        ; Value        ;
+-----------------------------+--------------+
; Simulation Start Time       ; 0 ps         ;
; Simulation End Time         ; 1.0 us       ;
; Simulation Netlist Size     ; 25 nodes     ;
; Simulation Coverage         ;      96.00 % ;
; Total Number of Transitions ; 164          ;
; Simulation Breakpoints      ; 0            ;
; Family                      ; Cyclone II   ;
+-----------------------------+--------------+


+-------------------------------------------------------------------------------------------------------------------------+
; Simulator Settings                                                                                                      ;
+--------------------------------------------------------------------------------------------+------------+---------------+
; Option                                                                                     ; Setting    ; Default Value ;
+--------------------------------------------------------------------------------------------+------------+---------------+
; Simulation mode                                                                            ; Functional ; Timing        ;
; Start time                                                                                 ; 0 ns       ; 0 ns          ;
; Simulation results format                                                                  ; CVWF       ;               ;
; Add pins automatically to simulation output waveforms                                      ; On         ; On            ;
; Check outputs                                                                              ; Off        ; Off           ;
; Report simulation coverage                                                                 ; On         ; On            ;
; Display complete 1/0 value coverage report                                                 ; On         ; On            ;
; Display missing 1-value coverage report                                                    ; On         ; On            ;
; Display missing 0-value coverage report                                                    ; On         ; On            ;
; Detect setup and hold time violations                                                      ; Off        ; Off           ;
; Detect glitches                                                                            ; Off        ; Off           ;
; Disable timing delays in Timing Simulation                                                 ; Off        ; Off           ;
; Generate Signal Activity File                                                              ; Off        ; Off           ;
; Generate VCD File for PowerPlay Power Analyzer                                             ; Off        ; Off           ;
; Group bus channels in simulation results                                                   ; Off        ; Off           ;
; Preserve fewer signal transitions to reduce memory requirements                            ; On         ; On            ;
; Trigger vector comparison with the specified mode                                          ; INPUT_EDGE ; INPUT_EDGE    ;
; Disable setup and hold time violations detection in input registers of bi-directional pins ; Off        ; Off           ;
; Overwrite Waveform Inputs With Simulation Outputs                                          ; Off        ;               ;
; Perform Glitch Filtering in Timing Simulation                                              ; Auto       ; Auto          ;
+--------------------------------------------------------------------------------------------+------------+---------------+


+----------------------+
; Simulation Waveforms ;
+----------------------+
Waveform report data cannot be output to ASCII.
Please use Quartus II to view the waveform report data.


+--------------------------------------------------------------------+
; Coverage Summary                                                   ;
+-----------------------------------------------------+--------------+
; Type                                                ; Value        ;
+-----------------------------------------------------+--------------+
; Total coverage as a percentage                      ;      96.00 % ;
; Total nodes checked                                 ; 25           ;
; Total output ports checked                          ; 25           ;
; Total output ports with complete 1/0-value coverage ; 24           ;
; Total output ports with no 1/0-value coverage       ; 1            ;
; Total output ports with no 1-value coverage         ; 1            ;
; Total output ports with no 0-value coverage         ; 1            ;
+-----------------------------------------------------+--------------+


The following table displays output ports that toggle between 1 and 0 during simulation.
+-------------------------------------------------------+
; Complete 1/0-Value Coverage                           ;
+-----------------+------------------+------------------+
; Node Name       ; Output Port Name ; Output Port Type ;
+-----------------+------------------+------------------+
; |vend1|WideAnd0 ; |vend1|WideAnd0  ; out0             ;
; |vend1|WideAnd1 ; |vend1|WideAnd1  ; out0             ;
; |vend1|WideAnd2 ; |vend1|WideAnd2  ; out0             ;
; |vend1|g3       ; |vend1|g3        ; out0             ;
; |vend1|WideAnd3 ; |vend1|WideAnd3  ; out0             ;
; |vend1|WideOr0  ; |vend1|WideOr0   ; out0             ;
; |vend1|WideAnd4 ; |vend1|WideAnd4  ; out0             ;
; |vend1|WideAnd5 ; |vend1|WideAnd5  ; out0             ;
; |vend1|WideAnd6 ; |vend1|WideAnd6  ; out0             ;
; |vend1|WideOr1  ; |vend1|WideOr1   ; out0             ;
; |vend1|WideAnd7 ; |vend1|WideAnd7  ; out0             ;
; |vend1|WideAnd8 ; |vend1|WideAnd8  ; out0             ;
; |vend1|WideAnd9 ; |vend1|WideAnd9  ; out0             ;
; |vend1|comb~0   ; |vend1|comb~0    ; out0             ;
; |vend1|CLK      ; |vend1|CLK       ; out              ;
; |vend1|Dime     ; |vend1|Dime      ; out              ;
; |vend1|Nickel   ; |vend1|Nickel    ; out              ;
; |vend1|Dispense ; |vend1|Dispense  ; pin_out          ;
; |vend1|State[0] ; |vend1|State[0]  ; pin_out          ;
; |vend1|State[1] ; |vend1|State[1]  ; pin_out          ;
; |vend1|State[2] ; |vend1|State[2]  ; pin_out          ;
; |vend1|d0       ; |vend1|d0        ; regout           ;
; |vend1|d1       ; |vend1|d1        ; regout           ;
; |vend1|d3       ; |vend1|d3        ; regout           ;
+-----------------+------------------+------------------+


The following table displays output ports that do not toggle to 1 during simulation.
+----------------------------------------------------+
; Missing 1-Value Coverage                           ;
+--------------+------------------+------------------+
; Node Name    ; Output Port Name ; Output Port Type ;
+--------------+------------------+------------------+
; |vend1|Reset ; |vend1|Reset     ; out              ;
+--------------+------------------+------------------+


The following table displays output ports that do not toggle to 0 during simulation.
+----------------------------------------------------+
; Missing 0-Value Coverage                           ;
+--------------+------------------+------------------+
; Node Name    ; Output Port Name ; Output Port Type ;
+--------------+------------------+------------------+
; |vend1|Reset ; |vend1|Reset     ; out              ;
+--------------+------------------+------------------+


+---------------------+
; Simulator INI Usage ;
+--------+------------+
; Option ; Usage      ;
+--------+------------+


+--------------------+
; Simulator Messages ;
+--------------------+
Info: *******************************************************************
Info: Running Quartus II Simulator
    Info: Version 7.1 Build 156 04/30/2007 SJ Web Edition
    Info: Processing started: Wed Nov 04 17:42:22 2015
Info: Command: quartus_sim --read_settings_files=on --write_settings_files=off vend2 -c vend2
Info: Using vector source file "C:/Users/HeavyShigure/Documents/School/CPE200/HW6 do over/vend2.vwf"
Info: Option to preserve fewer signal transitions to reduce memory requirements is enabled
    Info: Simulation has been partitioned into sub-simulations according to the maximum transition count determined by the engine. Transitions from memory will be flushed out to disk at the end of each sub-simulation to reduce memory requirements.
Info: Simulation partitioned into 1 sub-simulations
Info: Simulation coverage is      96.00 %
Info: Number of transitions in simulation is 164
Info: Quartus II Simulator was successful. 0 errors, 0 warnings
    Info: Allocated 136 megabytes of memory during processing
    Info: Processing ended: Wed Nov 04 17:42:22 2015
    Info: Elapsed time: 00:00:00


